<?xml version="1.0" encoding="UTF-8"?>
<!-- Generated by org.testng.reporters.JUnitReportReporter -->
<testsuite hostname="DESKTOP-T4PTG44" failures="0" tests="2" name="Addressbook_RestAPI.RestAPI_JSONServerTests" time="4.199" errors="0" timestamp="2021-05-30T16:58:58 IST" skipped="0">
  <testcase classname="Addressbook_RestAPI.RestAPI_JSONServerTests" name="updateExistingRecord_shouldReturn_200statusCode" time="0.133"/>
  <system-out/>
  <testcase classname="Addressbook_RestAPI.RestAPI_JSONServerTests" name="givenemployeeDataInJSONServer_WhenRetrieved_ShouldMatchTheCount" time="4.066"/>
  <system-out/>
</testsuite> <!-- Addressbook_RestAPI.RestAPI_JSONServerTests -->
