<?xml version="1.0" encoding="UTF-8"?>
<!-- Generated by org.testng.reporters.JUnitReportReporter -->
<testsuite hostname="DESKTOP-T4PTG44" failures="0" tests="4" name="Addressbook_RestAPI.RestAPI_JSONServerTests" time="3.696" errors="0" timestamp="2021-05-30T16:41:50 IST" skipped="0">
  <testcase classname="Addressbook_RestAPI.RestAPI_JSONServerTests" name="addMultipleRecords_shouldReturn_201statusCode" time="3.436"/>
  <system-out/>
  <testcase classname="Addressbook_RestAPI.RestAPI_JSONServerTests" name="givenemployeeDataInJSONServer_WhenRetrieved_ShouldMatchTheCount" time="0.100"/>
  <system-out/>
  <testcase classname="Addressbook_RestAPI.RestAPI_JSONServerTests" name="addMultipleRecords_shouldReturn_201statusCode" time="0.093"/>
  <system-out/>
  <testcase classname="Addressbook_RestAPI.RestAPI_JSONServerTests" name="addSingleRecords_shouldReturn_201statusCode" time="0.067"/>
  <system-out/>
</testsuite> <!-- Addressbook_RestAPI.RestAPI_JSONServerTests -->
