<?xml version="1.0" encoding="UTF-8"?>
<!-- Generated by org.testng.reporters.JUnitReportReporter -->
<testsuite hostname="DESKTOP-T4PTG44" failures="0" tests="1" name="Addressbook_RestAPI.RestAPI_JSONServerTests" time="2.683" errors="0" timestamp="2021-05-30T16:19:26 IST" skipped="0">
  <testcase classname="Addressbook_RestAPI.RestAPI_JSONServerTests" name="givenemployeeDataInJSONServer_WhenRetrieved_ShouldMatchTheCount" time="2.683"/>
  <system-out/>
</testsuite> <!-- Addressbook_RestAPI.RestAPI_JSONServerTests -->
